2026-05-06T21:04:36.224-04:00  INFO 2176 --- [sgcvp] [restartedMain] ifmt.cba.sgcvp.SGCVPApllication          : Starting SGCVPApllication using Java 25.0.2 with PID 2176 (C:\Users\Admin\Desktop\IFMT\5_Semestre\Programação Orientada a Serviços\restaurante\target\classes started by Admin in C:\Users\Admin\Desktop\IFMT\5_Semestre\Programação Orientada a Serviços\restaurante)
2026-05-06T21:04:36.227-04:00  INFO 2176 --- [sgcvp] [restartedMain] ifmt.cba.sgcvp.SGCVPApllication          : No active profile set, falling back to 1 default profile: "default"
2026-05-06T21:04:36.285-04:00  INFO 2176 --- [sgcvp] [restartedMain] .e.DevToolsPropertyDefaultsPostProcessor : Devtools property defaults active! Set 'spring.devtools.add-properties' to 'false' to disable
2026-05-06T21:04:36.287-04:00  INFO 2176 --- [sgcvp] [restartedMain] .e.DevToolsPropertyDefaultsPostProcessor : For additional web related logging consider setting the 'logging.level.web' property to 'DEBUG'
2026-05-06T21:04:37.127-04:00  INFO 2176 --- [sgcvp] [restartedMain] .s.d.r.c.RepositoryConfigurationDelegate : Bootstrapping Spring Data JPA repositories in DEFAULT mode.
2026-05-06T21:04:37.154-04:00  INFO 2176 --- [sgcvp] [restartedMain] .s.d.r.c.RepositoryConfigurationDelegate : Finished Spring Data repository scanning in 15 ms. Found 0 JPA repository interfaces.
2026-05-06T21:04:37.791-04:00  INFO 2176 --- [sgcvp] [restartedMain] o.s.b.w.embedded.tomcat.TomcatWebServer  : Tomcat initialized with port 8080 (http)
2026-05-06T21:04:37.812-04:00  INFO 2176 --- [sgcvp] [restartedMain] o.apache.catalina.core.StandardService   : Starting service [Tomcat]
2026-05-06T21:04:37.813-04:00  INFO 2176 --- [sgcvp] [restartedMain] o.apache.catalina.core.StandardEngine    : Starting Servlet engine: [Apache Tomcat/10.1.41]
2026-05-06T21:04:37.871-04:00  INFO 2176 --- [sgcvp] [restartedMain] o.a.c.c.C.[Tomcat].[localhost].[/]       : Initializing Spring embedded WebApplicationContext
2026-05-06T21:04:37.872-04:00  INFO 2176 --- [sgcvp] [restartedMain] w.s.c.ServletWebServerApplicationContext : Root WebApplicationContext: initialization completed in 1584 ms
2026-05-06T21:04:38.096-04:00  INFO 2176 --- [sgcvp] [restartedMain] o.hibernate.jpa.internal.util.LogHelper  : HHH000204: Processing PersistenceUnitInfo [name: default]
2026-05-06T21:04:38.180-04:00  INFO 2176 --- [sgcvp] [restartedMain] org.hibernate.Version                    : HHH000412: Hibernate ORM core version 6.6.15.Final
2026-05-06T21:04:38.229-04:00  INFO 2176 --- [sgcvp] [restartedMain] o.h.c.internal.RegionFactoryInitiator    : HHH000026: Second-level cache disabled
2026-05-06T21:04:38.722-04:00  INFO 2176 --- [sgcvp] [restartedMain] o.s.o.j.p.SpringPersistenceUnitInfo      : No LoadTimeWeaver setup: ignoring JPA class transformer
2026-05-06T21:04:38.771-04:00  INFO 2176 --- [sgcvp] [restartedMain] com.zaxxer.hikari.HikariDataSource       : HikariPool-1 - Starting...
2026-05-06T21:04:39.053-04:00  INFO 2176 --- [sgcvp] [restartedMain] com.zaxxer.hikari.pool.HikariPool        : HikariPool-1 - Added connection conn0: url=jdbc:h2:mem:sgcvpDB user=SA
2026-05-06T21:04:39.057-04:00  INFO 2176 --- [sgcvp] [restartedMain] com.zaxxer.hikari.HikariDataSource       : HikariPool-1 - Start completed.
2026-05-06T21:04:39.148-04:00  INFO 2176 --- [sgcvp] [restartedMain] org.hibernate.orm.connections.pooling    : HHH10001005: Database info:
	Database JDBC URL [Connecting through datasource 'HikariDataSource (HikariPool-1)']
	Database driver: undefined/unknown
	Database version: 2.3.232
	Autocommit mode: undefined/unknown
	Isolation level: undefined/unknown
	Minimum pool size: undefined/unknown
	Maximum pool size: undefined/unknown
2026-05-06T21:04:39.583-04:00  INFO 2176 --- [sgcvp] [restartedMain] o.h.e.t.j.p.i.JtaPlatformInitiator       : HHH000489: No JTA platform available (set 'hibernate.transaction.jta.platform' to enable JTA platform integration)
2026-05-06T21:04:39.589-04:00  INFO 2176 --- [sgcvp] [restartedMain] j.LocalContainerEntityManagerFactoryBean : Initialized JPA EntityManagerFactory for persistence unit 'default'
2026-05-06T21:04:39.647-04:00  WARN 2176 --- [sgcvp] [restartedMain] JpaBaseConfiguration$JpaWebConfiguration : spring.jpa.open-in-view is enabled by default. Therefore, database queries may be performed during view rendering. Explicitly configure spring.jpa.open-in-view to disable this warning
2026-05-06T21:04:40.133-04:00  INFO 2176 --- [sgcvp] [restartedMain] o.s.b.a.h2.H2ConsoleAutoConfiguration    : H2 console available at '/h2-console'. Database available at 'jdbc:h2:mem:sgcvpDB'
2026-05-06T21:04:40.239-04:00  INFO 2176 --- [sgcvp] [restartedMain] o.s.b.d.a.OptionalLiveReloadServer       : LiveReload server is running on port 35729
2026-05-06T21:04:40.288-04:00  INFO 2176 --- [sgcvp] [restartedMain] o.s.b.w.embedded.tomcat.TomcatWebServer  : Tomcat started on port 8080 (http) with context path '/'
2026-05-06T21:04:40.300-04:00  INFO 2176 --- [sgcvp] [restartedMain] ifmt.cba.sgcvp.SGCVPApllication          : Started SGCVPApllication in 4.873 seconds (process running for 5.719)
2026-05-06T21:04:51.538-04:00  INFO 2176 --- [sgcvp] [SpringApplicationShutdownHook] o.s.b.w.e.tomcat.GracefulShutdown        : Commencing graceful shutdown. Waiting for active requests to complete
2026-05-06T21:04:51.546-04:00  INFO 2176 --- [sgcvp] [tomcat-shutdown] o.s.b.w.e.tomcat.GracefulShutdown        : Graceful shutdown complete
2026-05-06T21:04:51.550-04:00  INFO 2176 --- [sgcvp] [SpringApplicationShutdownHook] j.LocalContainerEntityManagerFactoryBean : Closing JPA EntityManagerFactory for persistence unit 'default'
2026-05-06T21:04:51.561-04:00  WARN 2176 --- [sgcvp] [SpringApplicationShutdownHook] o.s.b.f.support.DisposableBeanAdapter    : Invocation of destroy method failed on bean with name 'inMemoryDatabaseShutdownExecutor': org.h2.jdbc.JdbcSQLNonTransientConnectionException: Database is already closed (to disable automatic closing at VM shutdown, add ";DB_CLOSE_ON_EXIT=FALSE" to the db URL) [90121-232]
2026-05-06T21:04:51.561-04:00  INFO 2176 --- [sgcvp] [SpringApplicationShutdownHook] com.zaxxer.hikari.HikariDataSource       : HikariPool-1 - Shutdown initiated...
2026-05-06T21:04:51.564-04:00  INFO 2176 --- [sgcvp] [SpringApplicationShutdownHook] com.zaxxer.hikari.HikariDataSource       : HikariPool-1 - Shutdown completed.
